<!DOCTYPE HTML><html><head><title>Behave Test Report</title><meta content="text/html;charset=utf-8" http-equiv="content-type" /><style type="text/css"><!--
@charset "utf-8"; .passed{}.failed{}.error{}.skipped{}.undefined{}.summary{}.failed_scenarios{}.footer{}body{font-size:0;color:white;margin:0;padding:0}.behave,td,th{font:normal 11px "Lucida Grande",Helvetica,sans-serif;background:white;color:black}.behave #behave-header,td #behave-header,th #behave-header{background:#65c400;color:white;height:8em}.behave #behave-header #expand-collapse p,td #behave-header #expand-collapse p,th #behave-header #expand-collapse p{float:right;margin:0 0 0 10px}.behave .scenario h3,td .scenario h3,th .scenario h3,.background h3{font-size:11px;padding:3px;margin:0;background:#65c400;color:white;font-weight:bold}.background h3{font-size:1.2em;background:#666}.behave h1,td h1,th h1{margin:0 10px 0 10px;padding:10px;font-family:"Lucida Grande",Helvetica,sans-serif;font-size:2em;position:absolute}.behave h4,td h4,th h4{margin-bottom:2px}.behave div.feature,td div.feature,th div.feature{padding:2px;margin:0 10px 5px 10px}.behave div.examples,td div.examples,th div.examples{padding:0 0 0 1em}.behave .stats,td .stats,th .stats{margin:2em}.behave .summary ul.features li,td .summary ul.features li,th .summary ul.features li{display:inline}.behave .step_name,td .step_name,th .step_name{float:left}.behave .step_file,td .step_file,th .step_file{text-align:right;color:#999}.behave .step_file a,td .step_file a,th .step_file a{color:#999}.behave .scenario_file,td .scenario_file,th .scenario_file{float:right;color:#999}.behave .step_duration{padding-left:1em}.behave .tag,td .tag,th .tag{font-weight:bold;color:#246ac1}.behave .backtrace,td .backtrace,th .backtrace{margin-top:0;margin-bottom:0;margin-left:1em;color:black}.behave a,td a,th a{color:#be5c00;margin-right:.5em}.behave a:hover,td a:hover,th a:hover{text-decoration:none}.behave a:visited,td a:visited,th a:visited{font-weight:normal}.behave a div.examples,td a div.examples,th a div.examples{margin:5px 0 5px 15px;color:black}.behave .outline table,td .outline table,th .outline table{margin:0 0 5px 10px}.behave table,td table,th table{border-collapse:collapse}.behave table td,td table td,th table td{padding:3px 3px 3px 5px}.behave table td.failed,.behave table td.passed,.behave table td.skipped,.behave table td.pending,.behave table td.undefined,td table td.failed,td table td.passed,td table td.skipped,td table td.pending{padding-left:18px;padding-right:10px}.behave table td.failed,td table td.failed,th table td.failed{border-left:5px solid #c20000;border-bottom:1px solid #c20000;background:#fffbd3;color:#c20000}.behave table td.passed,td table td.passed,th table td.passed{border-left:5px solid #65c400;border-bottom:1px solid #65c400;background:#dbffb4;color:#3d7700}.behave table td.skipped,td table td.skipped,th table td.skipped{border-left:5px solid aqua;border-bottom:1px solid aqua;background:#e0ffff;color:#011}.behave table td.pending,td table td.pending,th table td.pending{border-left:5px solid #faf834;border-bottom:1px solid #faf834;background:#fcfb98;color:#131313}.behave table td.undefined,td table td.undefined,th table td.undefined{border-left:5px solid #faf834;border-bottom:1px solid #faf834;background:#fcfb98;color:#131313}.behave table td.message,td table td.message,th table td.message{border-left:5px solid aqua;border-bottom:1px solid aqua;background:#e0ffff;color:#011}.behave ol,td ol,th ol{list-style:none;margin:0;padding:0}.behave ol li.step,td ol li.step,th ol li.step{padding:3px 3px 3px 18px;margin:5px 0 5px 5px}.behave ol li,td ol li,th ol li{margin:0 0 0 1em;padding:0 0 0 .2em}.behave ol li span.param,td ol li span.param,th ol li span.param{font-weight:bold}.behave ol li.failed,td ol li.failed,th ol li.failed{border-left:5px solid #c20000;border-bottom:1px solid #c20000;background:#fffbd3;color:#c20000}.behave ol li.passed,td ol li.passed,th ol li.passed{border-left:5px solid #65c400;border-bottom:1px solid #65c400;background:#dbffb4;color:#3d7700}.behave ol li.skipped,td ol li.skipped,th ol li.skipped{border-left:5px solid aqua;border-bottom:1px solid aqua;background:#e0ffff;color:#011}.behave ol li.pending,td ol li.pending,th ol li.pending{border-left:5px solid #faf834;border-bottom:1px solid #faf834;background:#fcfb98;color:#131313}.behave ol li.undefined,td ol li.undefined,th ol li.undefined{border-left:5px solid #faf834;border-bottom:1px solid #faf834;background:#fcfb98;color:#131313}.behave ol li.message,td ol li.message,th ol li.message{border-left:5px solid aqua;border-bottom:1px solid aqua;background:#e0ffff;color:#011;margin-left:10px}.behave #summary,td #summary,th #summary{margin:0;padding:5px 10px;text-align:right;top:0;right:0;float:right}.behave #summary p,td #summary p,th #summary p{margin:0 0 0 2px}.behave #summary #totals,td #summary #totals,th #summary #totals{font-size:1.2em}.behave .scenario h3.failed,td .scenario h3.failed,th .scenario h3.failed,.background h3.failed{background:#c20000}.behave #behave-header.failed,td #behave-header.failed,th #behave-header.failed{background:#c20000}.behave .scenario h3.undefined,td .scenario h3.undefined,th .scenario h3.undefined,.background h3.undefined{background:#faf834;color:black}.behave #behave-header.undefined,td #behave-header.undefined,th #behave-header.undefined{background:#faf834;color:black}#behave-header.failed a{color:white}pre{white-space:pre-wrap}
--></style><script type="text/javascript"><!--
function Collapsible_toggle(id){var elem=document.getElementById(id);elem.style.display=(elem.style.display=='none'?'block':'none');return false;};function Collapsible_expandAll(className){var elems=document.getElementsByClassName(className);for(var i=0;i<elems.length;i++){elems[i].style.display='block';}};function Collapsible_collapseAll(className){var elems=document.getElementsByClassName(className);for(var i=0;i<elems.length;i++){elems[i].style.display='none';}};function Collapsible_expandAllFailed(){var elems=document.getElementsByClassName('failed');for(var i=0;i<elems.length;i++){var elem=elems[i];if(elem.nodeName=='H3'){elem.parentElement.getElementsByTagName('ol')[0].style.display='block';}}}
--></script></head><body><div class="behave"><div id="behave-header" class="failed"><div id="label"><h1>Behave Test Report</h1></div><div id="summary"><p id="totals"><p id="feature_totals">Features: failed: 3, passed: 3</p><p id="scenario_totals">Scenarios: failed: 4, passed: 4</p><p id="step_totals">Steps: passed: 17, failed: 4, skipped: 8</p></p><p id="duration">Finished in 576.4 seconds</p><div id="expand-collapse"><a id="expander" href="#" onclick="Collapsible_expandAll('scenario_steps')">Expand All</a><span> | </span><a id="collapser" href="#" onclick="Collapsible_collapseAll('scenario_steps')">Collapse All</a><span> | </span><a id="failed_expander" href="#" onclick="Collapsible_expandAllFailed()">Expand All Failed</a></div></div></div><div class="feature"><h2><span class="val">Feature: User Interactions</span></h2><span /></div><div class="scenario"><span class="scenario_file">features/Interactions.feature:19</span><h3 onclick="Collapsible_toggle('scenario_0')" class="failed"><span class="val">Scenario: 004 - User tries Resizable functionality</span></h3><ol class="scenario_steps" id="scenario_0"><li class="step passed"><div class="step_name"><span class="keyword">Given </span><span class="step val">I am on the resizable page</span><small class="step_duration">(4.094s)</small></div><div class="step_file"><span>features/steps/steps.py:153</span></div><span class="embed" /></li><li class="step failed"><div class="step_name"><span class="keyword">When </span><span class="step val">I resize the element</span><small class="step_duration">(6.137s)</small></div><div class="step_file"><span>features/steps/steps.py:158</span></div><span class="embed"><a onclick="Collapsible_toggle('embed_1')">Error Message</a><pre id="embed_1" style="display: none">Assertion Failed: Unexpected width: 484</pre>    </span></li></ol><span /></div><div class="feature"><h2><span class="val">Feature: User Widgets</span></h2><span /></div><div class="scenario"><span class="scenario_file">features/Widgets.feature:3</span><h3 onclick="Collapsible_toggle('scenario_1')"><span class="val">Scenario: 001 User hanldes accordion</span></h3><ol class="scenario_steps" id="scenario_1"><li class="step passed"><div class="step_name"><span class="keyword">Given </span><span class="step val">The user is on widgets page acoordion section</span><small class="step_duration">(2.837s)</small></div><div class="step_file"><span>features/steps/steps.py:78</span></div><span class="embed" /></li><li class="step passed"><div class="step_name"><span class="keyword">When </span><span class="step val">The user handles the widgets accordion</span><small class="step_duration">(154.281s)</small></div><div class="step_file"><span>features/steps/steps.py:83</span></div><span class="embed" /></li><li class="step passed"><div class="step_name"><span class="keyword">When </span><span class="step val">The user tries to close the accordion</span><small class="step_duration">(4.249s)</small></div><div class="step_file"><span>features/steps/steps.py:88</span></div><span class="embed" /></li><li class="step passed"><div class="step_name"><span class="keyword">Then </span><span class="step val">close the browser</span><small class="step_duration">(0.000s)</small></div><div class="step_file"><span>features/steps/steps.py:204</span></div><span class="embed" /></li></ol><span /></div><div class="feature"><h2><span class="val">Feature: Handle alerts</span></h2><span /></div><div class="scenario"><span class="scenario_file">features/alerts.feature:3</span><h3 onclick="Collapsible_toggle('scenario_2')"><span class="val">Scenario: 001 The user handles alert</span></h3><ol class="scenario_steps" id="scenario_2"><li class="step passed"><div class="step_name"><span class="keyword">Given </span><span class="step val">The user is on alerts page</span><small class="step_duration">(2.658s)</small></div><div class="step_file"><span>features/steps/steps.py:66</span></div><span class="embed" /></li><li class="step passed"><div class="step_name"><span class="keyword">When </span><span class="step val">The user handles the alerts</span><small class="step_duration">(4.396s)</small></div><div class="step_file"><span>features/steps/steps.py:71</span></div><span class="embed" /></li><li class="step passed"><div class="step_name"><span class="keyword">Then </span><span class="step val">close the browser</span><small class="step_duration">(0.000s)</small></div><div class="step_file"><span>features/steps/steps.py:204</span></div><span class="embed" /></li></ol><span /></div><div class="feature"><h2><span class="val">Feature: User login</span></h2><span /></div><div class="scenario"><span class="scenario_file">features/login.feature:3</span><h3 onclick="Collapsible_toggle('scenario_3')"><span class="val">Scenario: 001 Successful login with valid credentials</span></h3><ol class="scenario_steps" id="scenario_3"><li class="step passed"><div class="step_name"><span class="keyword">Given </span><span class="step val">the user is on the login page</span><small class="step_duration">(0.565s)</small></div><div class="step_file"><span>features/steps/steps.py:12</span></div><span class="embed" /></li><li class="step passed"><div class="step_name"><span class="keyword">When </span><span class="step val">the user enters valid email and clicks login</span><small class="step_duration">(0.181s)</small></div><div class="step_file"><span>features/steps/steps.py:19</span></div><span class="embed" /></li><li class="step passed"><div class="step_name"><span class="keyword">Then </span><span class="step val">the user should be redirected to the registration page</span><small class="step_duration">(2.138s)</small></div><div class="step_file"><span>features/steps/steps.py:29</span></div><span class="embed" /></li></ol><span /></div><div class="scenario"><span class="scenario_file">features/login.feature:8</span><h3 onclick="Collapsible_toggle('scenario_4')"><span class="val">Scenario: 002 Check if the skip sign in button is working</span></h3><ol class="scenario_steps" id="scenario_4"><li class="step passed"><div class="step_name"><span class="keyword">Given </span><span class="step val">the user is on the login page</span><small class="step_duration">(0.770s)</small></div><div class="step_file"><span>features/steps/steps.py:12</span></div><span class="embed" /></li><li class="step passed"><div class="step_name"><span class="keyword">When </span><span class="step val">the user clicks on the skip sign in button</span><small class="step_duration">(2.094s)</small></div><div class="step_file"><span>features/steps/steps.py:24</span></div><span class="embed" /></li><li class="step passed"><div class="step_name"><span class="keyword">Then </span><span class="step val">the user should be redirected to the registration page</span><small class="step_duration">(2.115s)</small></div><div class="step_file"><span>features/steps/steps.py:29</span></div><span class="embed" /></li></ol><span /></div><div class="feature"><h2><span class="val">Feature: User registration</span></h2><span /></div><div class="scenario"><span class="scenario_file">features/registration.feature:3</span><h3 onclick="Collapsible_toggle('scenario_5')" class="failed"><span class="val">Scenario: 001 Complete the registration form</span></h3><ol class="scenario_steps" id="scenario_5"><li class="step passed"><div class="step_name"><span class="keyword">Given </span><span class="step val">The user is on registration page</span><small class="step_duration">(3.968s)</small></div><div class="step_file"><span>features/steps/steps.py:35</span></div><span class="embed" /></li><li class="step failed"><div class="step_name"><span class="keyword">When </span><span class="step val">Fill the basic details</span><small class="step_duration">(319.354s)</small></div><div class="step_file"><span>features/steps/steps.py:42</span></div><span class="embed"><a onclick="Collapsible_toggle('embed_2')">Error Message</a><pre id="embed_2" style="display: none">Traceback (most recent call last):
  File "/Users/niranjankumar/Desktop/Project/untitled/venv/lib/python3.9/site-packages/behave/model.py", line 1329, in run
    match.run(runner.context)
  File "/Users/niranjankumar/Desktop/Project/untitled/venv/lib/python3.9/site-packages/behave/matchers.py", line 98, in run
    self.func(context, *args, **kwargs)
  File "features/steps/steps.py", line 62, in fill_registration_form
    registration_form.select_DOB()
  File "/Users/niranjankumar/Desktop/Project/untitled/features/steps/register.py", line 71, in select_DOB
    self.page.select_option('//option[@value="2000"]',state='visible')
TypeError: select_option() got an unexpected keyword argument 'state'
</pre>    </span></li></ol><span /></div><div class="feature"><h2><span class="val">Feature: YouTube Video Tests</span></h2><span /></div><div class="scenario"><span class="scenario_file">features/video.feature:3</span><h3 onclick="Collapsible_toggle('scenario_6')" class="failed"><span class="val">Scenario: Play and Pause Test</span></h3><ol class="scenario_steps" id="scenario_6"><li class="step passed"><div class="step_name"><span class="keyword">Given </span><span class="step val">The user is on the YouTube video page</span><small class="step_duration">(3.369s)</small></div><div class="step_file"><span>features/steps/steps.py:165</span></div><span class="embed" /></li><li class="step failed"><div class="step_name"><span class="keyword">When </span><span class="step val">The user clicks the play button</span><small class="step_duration">(60.009s)</small></div><div class="step_file"><span>features/steps/steps.py:171</span></div><span class="embed"><a onclick="Collapsible_toggle('embed_3')">Error Message</a><pre id="embed_3" style="display: none">Traceback (most recent call last):
  File "/Users/niranjankumar/Desktop/Project/untitled/venv/lib/python3.9/site-packages/behave/model.py", line 1329, in run
    match.run(runner.context)
  File "/Users/niranjankumar/Desktop/Project/untitled/venv/lib/python3.9/site-packages/behave/matchers.py", line 98, in run
    self.func(context, *args, **kwargs)
  File "features/steps/steps.py", line 173, in user_clicks_play
    context.video_page.click_play()
  File "/Users/niranjankumar/Desktop/Project/untitled/features/steps/video.py", line 13, in click_play
    self.page.click('//video[@tabindex="-1"]')  # Replace with the actual selector of the play button
  File "/Users/niranjankumar/Desktop/Project/untitled/venv/lib/python3.9/site-packages/playwright/sync_api/_generated.py", line 9905, in click
    self._sync(
  File "/Users/niranjankumar/Desktop/Project/untitled/venv/lib/python3.9/site-packages/playwright/_impl/_sync_base.py", line 115, in _sync
    return task.result()
  File "/Users/niranjankumar/Desktop/Project/untitled/venv/lib/python3.9/site-packages/playwright/_impl/_page.py", line 828, in click
    return await self._main_frame.click(**locals_to_params(locals()))
  File "/Users/niranjankumar/Desktop/Project/untitled/venv/lib/python3.9/site-packages/playwright/_impl/_frame.py", line 488, in click
    await self._channel.send("click", locals_to_params(locals()))
  File "/Users/niranjankumar/Desktop/Project/untitled/venv/lib/python3.9/site-packages/playwright/_impl/_connection.py", line 59, in send
    return await self._connection.wrap_api_call(
  File "/Users/niranjankumar/Desktop/Project/untitled/venv/lib/python3.9/site-packages/playwright/_impl/_connection.py", line 520, in wrap_api_call
    raise rewrite_error(error, f"{parsed_st['apiName']}: {error}") from None
playwright._impl._errors.TimeoutError: Page.click: Timeout 30000ms exceeded.
Call log:
waiting for locator("//video[@tabindex=\"-1\"]")

</pre>    </span></li></ol><span /></div><div class="scenario"><span class="scenario_file">features/video.feature:10</span><h3 onclick="Collapsible_toggle('scenario_7')" class="failed"><span class="val">Scenario: Fullscreen Test</span></h3><ol class="scenario_steps" id="scenario_7"><li class="step passed"><div class="step_name"><span class="keyword">Given </span><span class="step val">The user is on the YouTube video page</span><small class="step_duration">(3.182s)</small></div><div class="step_file"><span>features/steps/steps.py:165</span></div><span class="embed" /></li><li class="step failed"><div class="step_name"><span class="keyword">When </span><span class="step val">The user clicks the fullscreen button</span><small class="step_duration">(0.035s)</small></div><div class="step_file"><span>features/steps/steps.py:187</span></div><span class="embed"><a onclick="Collapsible_toggle('embed_4')">Error Message</a><pre id="embed_4" style="display: none">Traceback (most recent call last):
  File "/Users/niranjankumar/Desktop/Project/untitled/venv/lib/python3.9/site-packages/behave/model.py", line 1329, in run
    match.run(runner.context)
  File "/Users/niranjankumar/Desktop/Project/untitled/venv/lib/python3.9/site-packages/behave/matchers.py", line 98, in run
    self.func(context, *args, **kwargs)
  File "features/steps/steps.py", line 189, in user_clicks_fullscreen
    context.video_page.click_fullscreen()
  File "/Users/niranjankumar/Desktop/Project/untitled/features/steps/video.py", line 30, in click_fullscreen
    self.page.click('#ytp-fullscreen-button[1]')  # Replace with the actual selector of the fullscreen button
  File "/Users/niranjankumar/Desktop/Project/untitled/venv/lib/python3.9/site-packages/playwright/sync_api/_generated.py", line 9905, in click
    self._sync(
  File "/Users/niranjankumar/Desktop/Project/untitled/venv/lib/python3.9/site-packages/playwright/_impl/_sync_base.py", line 115, in _sync
    return task.result()
  File "/Users/niranjankumar/Desktop/Project/untitled/venv/lib/python3.9/site-packages/playwright/_impl/_page.py", line 828, in click
    return await self._main_frame.click(**locals_to_params(locals()))
  File "/Users/niranjankumar/Desktop/Project/untitled/venv/lib/python3.9/site-packages/playwright/_impl/_frame.py", line 488, in click
    await self._channel.send("click", locals_to_params(locals()))
  File "/Users/niranjankumar/Desktop/Project/untitled/venv/lib/python3.9/site-packages/playwright/_impl/_connection.py", line 59, in send
    return await self._connection.wrap_api_call(
  File "/Users/niranjankumar/Desktop/Project/untitled/venv/lib/python3.9/site-packages/playwright/_impl/_connection.py", line 520, in wrap_api_call
    raise rewrite_error(error, f"{parsed_st['apiName']}: {error}") from None
playwright._impl._errors.Error: Page.click: SyntaxError: Failed to execute 'querySelectorAll' on 'Document': '#ytp-fullscreen-button[1]' is not a valid selector.
    at query (&lt;anonymous&gt;:3448:41)
    at &lt;anonymous&gt;:3458:7
    at SelectorEvaluatorImpl._cached (&lt;anonymous&gt;:3235:20)
    at SelectorEvaluatorImpl._queryCSS (&lt;anonymous&gt;:3445:17)
    at SelectorEvaluatorImpl._querySimple (&lt;anonymous&gt;:3325:19)
    at &lt;anonymous&gt;:3273:29
    at SelectorEvaluatorImpl._cached (&lt;anonymous&gt;:3235:20)
    at SelectorEvaluatorImpl.query (&lt;anonymous&gt;:3266:19)
    at Object.query (&lt;anonymous&gt;:3480:44)
    at &lt;anonymous&gt;:3438:21
Call log:
waiting for locator("#ytp-fullscreen-button[1]")

</pre>    </span></li></ol><span /></div></div></body></html>